app/build/intermediates/manifest_merge_blame_file/debug/manifest-merger-blame-debug-report.txt
1<?xml version="1.0" encoding="utf-8"?>
2<manifest xmlns:android="http://schemas.android.com/apk/res/android"
3    package="com.example.appmasjid"
4    android:versionCode="1"
5    android:versionName="1.0" >
6
7    <uses-sdk
8        android:minSdkVersion="20"
8-->src\main\AndroidManifest.xml
9        android:targetSdkVersion="29" />
9-->src\main\AndroidManifest.xml
10
11    <uses-permission android:name="android.permission.INTERNET" />
11-->src\main\AndroidManifest.xml:5:5-67
11-->src\main\AndroidManifest.xml:5:22-64
12    <uses-permission android:name="android.permission.ACCESS_NETWORK_STATE" />
12-->src\main\AndroidManifest.xml:6:5-79
12-->src\main\AndroidManifest.xml:6:22-76
13
14    <application
14-->src\main\AndroidManifest.xml:8:5-35:19
15        android:allowBackup="true"
15-->src\main\AndroidManifest.xml:9:9-35
16        android:appComponentFactory="androidx.core.app.CoreComponentFactory"
16-->[androidx.core:core:1.2.0] AndroidManifest.xml:24:18-86
17        android:debuggable="true"
18        android:icon="@mipmap/ic_launcher"
18-->src\main\AndroidManifest.xml:10:9-43
19        android:label="@string/app_name"
19-->src\main\AndroidManifest.xml:11:9-41
20        android:roundIcon="@mipmap/ic_launcher_round"
20-->src\main\AndroidManifest.xml:12:9-54
21        android:supportsRtl="true"
21-->src\main\AndroidManifest.xml:13:9-35
22        android:testOnly="true"
23        android:theme="@style/AppTheme"
23-->src\main\AndroidManifest.xml:14:9-40
24        android:usesCleartextTraffic="true" >
24-->src\main\AndroidManifest.xml:15:9-44
25        <activity android:name="com.example.appmasjid.menu" />
25-->src\main\AndroidManifest.xml:16:9-51
25-->src\main\AndroidManifest.xml:16:19-39
26        <activity android:name="com.example.appmasjid.edit_tagline" />
26-->src\main\AndroidManifest.xml:17:9-50
26-->src\main\AndroidManifest.xml:17:19-47
27        <activity android:name="com.example.appmasjid.editid" />
27-->src\main\AndroidManifest.xml:18:9-44
27-->src\main\AndroidManifest.xml:18:19-41
28        <activity android:name="com.example.appmasjid.edit_pengumuman" />
28-->src\main\AndroidManifest.xml:19:9-53
28-->src\main\AndroidManifest.xml:19:19-50
29        <activity android:name="com.example.appmasjid.edit_marquee" />
29-->src\main\AndroidManifest.xml:20:9-50
29-->src\main\AndroidManifest.xml:20:19-47
30        <activity android:name="com.example.appmasjid.edit_jadwal" />
30-->src\main\AndroidManifest.xml:21:9-49
30-->src\main\AndroidManifest.xml:21:19-46
31        <activity android:name="com.example.appmasjid.tagline" />
31-->src\main\AndroidManifest.xml:22:9-45
31-->src\main\AndroidManifest.xml:22:19-42
32        <activity android:name="com.example.appmasjid.slideshow" />
32-->src\main\AndroidManifest.xml:23:9-47
32-->src\main\AndroidManifest.xml:23:19-44
33        <activity android:name="com.example.appmasjid.pengumuman" />
33-->src\main\AndroidManifest.xml:24:9-48
33-->src\main\AndroidManifest.xml:24:19-45
34        <activity android:name="com.example.appmasjid.marquee" />
34-->src\main\AndroidManifest.xml:25:9-45
34-->src\main\AndroidManifest.xml:25:19-42
35        <activity android:name="com.example.appmasjid.identitas" />
35-->src\main\AndroidManifest.xml:26:9-47
35-->src\main\AndroidManifest.xml:26:19-44
36        <activity android:name="com.example.appmasjid.jadwal" />
36-->src\main\AndroidManifest.xml:27:9-44
36-->src\main\AndroidManifest.xml:27:19-41
37        <activity android:name="com.example.appmasjid.MainActivity" >
37-->src\main\AndroidManifest.xml:28:9-34:20
37-->src\main\AndroidManifest.xml:28:19-47
38            <intent-filter>
38-->src\main\AndroidManifest.xml:29:13-33:29
39                <action android:name="android.intent.action.MAIN" />
39-->src\main\AndroidManifest.xml:30:17-69
39-->src\main\AndroidManifest.xml:30:25-66
40
41                <category android:name="android.intent.category.LAUNCHER" />
41-->src\main\AndroidManifest.xml:32:17-77
41-->src\main\AndroidManifest.xml:32:27-74
42            </intent-filter>
43        </activity>
44    </application>
45
46</manifest>